[0m03:57:21.196926 [debug] [MainThread]: Sending event: {'category': 'dbt', 'action': 'invocation', 'label': 'start', 'context': [<snowplow_tracker.self_describing_json.SelfDescribingJson object at 0x7f58c3802c90>, <snowplow_tracker.self_describing_json.SelfDescribingJson object at 0x7f58c37f8a50>, <snowplow_tracker.self_describing_json.SelfDescribingJson object at 0x7f58c37d0f90>]}


============================== 03:57:21.203917 | 6d053f66-2d81-4209-974e-f070b68963c7 ==============================
[0m03:57:21.203917 [info ] [MainThread]: Running with dbt=1.7.8
[0m03:57:21.205425 [debug] [MainThread]: running dbt with arguments {'printer_width': '80', 'indirect_selection': 'eager', 'write_json': 'True', 'log_cache_events': 'False', 'partial_parse': 'True', 'cache_selected_only': 'False', 'profiles_dir': '/home/kibiravickie/.dbt', 'debug': 'False', 'warn_error': 'None', 'log_path': 'logs', 'fail_fast': 'False', 'version_check': 'True', 'use_colors': 'True', 'use_experimental_parser': 'False', 'no_print': 'None', 'quiet': 'False', 'warn_error_options': 'WarnErrorOptions(include=[], exclude=[])', 'introspect': 'True', 'invocation_command': 'dbt init', 'static_parser': 'True', 'target_path': 'None', 'log_format': 'default', 'send_anonymous_usage_stats': 'True'}
[0m03:57:38.919829 [debug] [MainThread]: Starter project path: /home/kibiravickie/miniconda3/lib/python3.11/site-packages/dbt/include/starter_project
[0m03:57:38.943551 [info ] [MainThread]: 
Your new dbt project "google_analyses" was created!

For more information on how to configure the profiles.yml file,
please consult the dbt documentation here:

  https://docs.getdbt.com/docs/configure-your-profile

One more thing:

Need help? Don't hesitate to reach out to us via GitHub issues or on Slack:

  https://community.getdbt.com/

Happy modeling!

[0m03:57:38.947832 [info ] [MainThread]: Setting up your profile.
[0m03:59:04.303744 [info ] [MainThread]: Profile google_analyses written to /home/kibiravickie/.dbt/profiles.yml using target's profile_template.yml and your supplied values. Run 'dbt debug' to validate the connection.
[0m03:59:04.309741 [debug] [MainThread]: Resource report: {"command_name": "init", "command_success": true, "command_wall_clock_time": 103.1903, "process_user_time": 3.977735, "process_kernel_time": 0.319812, "process_mem_max_rss": "104940", "process_in_blocks": "70752", "process_out_blocks": "88"}
[0m03:59:04.312384 [debug] [MainThread]: Command `dbt init` succeeded at 03:59:04.311576 after 103.19 seconds
[0m03:59:04.314460 [debug] [MainThread]: Sending event: {'category': 'dbt', 'action': 'invocation', 'label': 'end', 'context': [<snowplow_tracker.self_describing_json.SelfDescribingJson object at 0x7f58c7de4c90>, <snowplow_tracker.self_describing_json.SelfDescribingJson object at 0x7f58c7d28dd0>, <snowplow_tracker.self_describing_json.SelfDescribingJson object at 0x7f58c7c6a810>]}
[0m03:59:04.317623 [debug] [MainThread]: Flushing usage events
